<?xml version="1.0" encoding="UTF-8"?>
<testsuite xmlns:xsi="http://www.w3.org/2001/XMLSchema-instance" xsi:noNamespaceSchemaLocation="https://maven.apache.org/surefire/maven-surefire-plugin/xsd/surefire-test-report.xsd" name="SalaryHelperTest" time="0.096" tests="6" errors="0" skipped="0" failures="0">
  <properties>
[...]
</properties>
  <testcase name="testNetToGross2018" classname="SalaryHelperTest" time="0.004"/>
  <testcase name="testNetToGross2019" classname="SalaryHelperTest" time="0"/>
  <testcase name="testGrossToNet2017" classname="SalaryHelperTest" time="0"/>
  <testcase name="testGrossToNet2018" classname="SalaryHelperTest" time="0"/>
  <testcase name="testGrossToNet2019" classname="SalaryHelperTest" time="0.001"/>
  <testcase name="testGrossToNet2020" classname="SalaryHelperTest" time="0.001"/>
</testsuite>